make --dry-run --always-make --keep-going --print-directory
make: Entering directory `/Users/zakariyahamdouchi/solong/push_swap'
mkdir -p obj/
gcc -Wall -Werror -Wextra -MMD -MP -g3 -I./includes/ -o obj/ft_little_sort.o -c srcs/ft_little_sort.c
mkdir -p obj/
gcc -Wall -Werror -Wextra -MMD -MP -g3 -I./includes/ -o obj/ft_split.o -c srcs/ft_split.c
mkdir -p obj/
gcc -Wall -Werror -Wextra -MMD -MP -g3 -I./includes/ -o obj/ft_lst_utils.o -c srcs/ft_lst_utils.c
mkdir -p obj/
gcc -Wall -Werror -Wextra -MMD -MP -g3 -I./includes/ -o obj/push.o -c srcs/push.c
mkdir -p obj/
gcc -Wall -Werror -Wextra -MMD -MP -g3 -I./includes/ -o obj/ft_utils.o -c srcs/ft_utils.c
mkdir -p obj/
gcc -Wall -Werror -Wextra -MMD -MP -g3 -I./includes/ -o obj/rotate.o -c srcs/rotate.c
mkdir -p obj/
gcc -Wall -Werror -Wextra -MMD -MP -g3 -I./includes/ -o obj/ft_swap_tab.o -c srcs/ft_swap_tab.c
mkdir -p obj/
gcc -Wall -Werror -Wextra -MMD -MP -g3 -I./includes/ -o obj/reverse_rotate.o -c srcs/reverse_rotate.c
mkdir -p obj/
gcc -Wall -Werror -Wextra -MMD -MP -g3 -I./includes/ -o obj/swap.o -c srcs/swap.c
mkdir -p obj/
gcc -Wall -Werror -Wextra -MMD -MP -g3 -I./includes/ -o obj/ft_big_sort.o -c srcs/ft_big_sort.c
mkdir -p obj/
gcc -Wall -Werror -Wextra -MMD -MP -g3 -I./includes/ -o obj/ft_cost.o -c srcs/ft_cost.c
mkdir -p obj/
gcc -Wall -Werror -Wextra -MMD -MP -g3 -I./includes/ -o obj/ft_movement.o -c srcs/ft_movement.c
mkdir -p obj/
gcc -Wall -Werror -Wextra -MMD -MP -g3 -I./includes/ -o obj/ft_check.o -c srcs/ft_check.c
mkdir -p obj/
gcc -Wall -Werror -Wextra -MMD -MP -g3 -I./includes/ -o obj/ft_pos.o -c srcs/ft_pos.c
mkdir -p obj/
gcc -Wall -Werror -Wextra -MMD -MP -g3 -I./includes/ -o obj/ft_utils_little_sort.o -c srcs/ft_utils_little_sort.c
gcc -Wall -Werror -Wextra -MMD -MP -g3 obj/ft_little_sort.o obj/ft_split.o obj/ft_lst_utils.o obj/push.o obj/ft_utils.o obj/rotate.o obj/ft_swap_tab.o obj/reverse_rotate.o obj/swap.o obj/ft_big_sort.o obj/ft_cost.o obj/ft_movement.o obj/ft_check.o obj/ft_pos.o obj/ft_utils_little_sort.o -o push_swap
make: Leaving directory `/Users/zakariyahamdouchi/solong/push_swap'
 
