make all --print-data-base --no-builtin-variables --no-builtin-rules --question
# GNU Make 3.81
# Copyright (C) 2006  Free Software Foundation, Inc.
# This is free software; see the source for copying conditions.
# There is NO warranty; not even for MERCHANTABILITY or FITNESS FOR A
# PARTICULAR PURPOSE.

# This program built for i386-apple-darwin11.3.0
 

# Make data base, printed on Sun Oct 23 19:03:46 2022

# Variables

# automatic
<D = $(patsubst %/,%,$(dir $<))
# automatic
?F = $(notdir $?)
 
# makefile (from `Makefile', line 21)
OBJ = ${SRC:.c=.o}
# makefile (from `Makefile', line 17)
SRC = ft_little_sort.c ft_split.c ft_lst_utils.c push.c ft_utils.c rotate.c ft_swap_tab.c reverse_rotate.c swap.c ft_big_sort.c ft_cout.c ft_deplacement.c ft_check.c ft_pos.c ft_utils_little_sort.c
# automatic
?D = $(patsubst %/,%,$(dir $?))
# automatic
@D = $(patsubst %/,%,$(dir $@))
# automatic
@F = $(notdir $@)
# makefile
CURDIR := /Users/zakariyahamdouchi/dernierpushswap/push_swap
# makefile
SHELL = /bin/sh
# environment
VSCODE_NLS_CONFIG = {"locale":"en-gb","availableLanguages":{},"_languagePackSupport":true}
# environment
_ = /usr/bin/make
# makefile (from `Makefile', line 1)
MAKEFILE_LIST :=  Makefile
# environment
__CFBundleIdentifier = com.microsoft.VSCode
# environment
INFOPATH = /opt/homebrew/share/info:
# environment
VSCODE_CWD = /
# environment
PATH = /opt/homebrew/bin:/opt/homebrew/sbin:/opt/local/bin:/opt/local/sbin:/usr/local/bin:/usr/bin:/bin:/usr/sbin:/sbin:/opt/X11/bin:/Library/Apple/usr/bin
# environment
LSCOLORS = Gxfxcxdxbxegedabagacad
# makefile (from `Makefile', line 16)
SRC_PATH = ./srcs/
# environment
ELECTRON_RUN_AS_NODE = 1
# default
.FEATURES := target-specific order-only second-expansion else-if archives jobserver check-symlink
# environment
SSH_AUTH_SOCK = /private/tmp/com.apple.launchd.oF19w1Jdmk/Listeners
# automatic
%F = $(notdir $%)
# environment
DISPLAY = /private/tmp/com.apple.launchd.uEn1vP5q3P/org.xquartz:0
# makefile (from `Makefile', line 22)
OBJS = $(addprefix $(OBJ_PATH), $(OBJ))
# environment
PWD = /Users/zakariyahamdouchi/dernierpushswap/push_swap
# environment
HOMEBREW_CELLAR = /opt/homebrew/Cellar
# environment
ORIGINAL_XDG_CURRENT_DESKTOP = undefined
# environment
MANPATH = /opt/homebrew/share/man::
# environment
VSCODE_AMD_ENTRYPOINT = vs/workbench/api/node/extensionHostProcess
# environment
HOME = /Users/zakariyahamdouchi
# default
MAKEFILEPATH := /Applications/Xcode.app/Contents/Developer/Makefiles
# environment
VSCODE_CODE_CACHE_PATH = /Users/zakariyahamdouchi/Library/Application Support/Code/CachedData/92d25e35d9bf1a6b16f7d0758f25d48ace11e5b9
# environment
LOGNAME = zakariyahamdouchi
# environment
APPLICATION_INSIGHTS_NO_DIAGNOSTIC_CHANNEL = 1
# environment
ZSH = /Users/zakariyahamdouchi/.oh-my-zsh
# environment
VSCODE_HANDLES_UNCAUGHT_ERRORS = true
# automatic
^D = $(patsubst %/,%,$(dir $^))
# environment
XPC_FLAGS = 0x0
# default
MAKE = $(MAKE_COMMAND)
# default
MAKECMDGOALS := all
# makefile (from `Makefile', line 18)
SRCS = $(addprefix ${SRC_PATH}, ${SRC})
# environment
SHLVL = 1
# default
MAKE_VERSION := 3.81
# environment
USER = zakariyahamdouchi
# makefile
.DEFAULT_GOAL := push_swap
# makefile (from `Makefile', line 14)
NAME = push_swap
# environment
LESS = -R
# automatic
%D = $(patsubst %/,%,$(dir $%))
# default
MAKE_COMMAND := /Applications/Xcode.app/Contents/Developer/usr/bin/make
# makefile (from `Makefile', line 26)
INC = -I./includes/
# default
.VARIABLES := 
# environment
TMPDIR = /var/folders/zh/gpz9zszs6dl7p4vr3ysw01ym0000gn/T/
# automatic
*F = $(notdir $*)
# environment
VSCODE_IPC_HOOK = /Users/zakariyahamdouchi/Library/Application Support/Code/1.69.0-main.sock
# environment
MallocNanoZone = 0
# makefile
MAKEFLAGS = Rrqp
# environment
MFLAGS = -Rrqp
# automatic
*D = $(patsubst %/,%,$(dir $*))
# environment
XPC_SERVICE_NAME = application.com.microsoft.VSCode.478397.478403
# environment
HOMEBREW_PREFIX = /opt/homebrew
# automatic
+D = $(patsubst %/,%,$(dir $+))
# automatic
+F = $(notdir $+)
# environment
HOMEBREW_REPOSITORY = /opt/homebrew
# environment
__CF_USER_TEXT_ENCODING = 0x1F5:0x0:0x0
# environment
COMMAND_MODE = unix2003
# default
MAKEFILES := 
# automatic
<F = $(notdir $<)
# environment
PAGER = less
# environment
LC_ALL = C
# makefile (from `Makefile', line 20)
OBJ_PATH = obj/
# automatic
 
^F = $(notdir $^)
# makefile (from `Makefile', line 24)
DEPS = $(addprefix ${OBJ_PATH}, ${SRC:.c=.d})
# default
SUFFIXES := 
# makefile (from `Makefile', line 28)
FLAGS = -Wall -Werror -Wextra -MMD -MP -g3
# environment
MAKELEVEL := 0
# environment
LANG = C
# environment
VSCODE_PID = 1701
# variable set hash-table stats:
# Load=77/1024=8%, Rehash=0, Collisions=15/115=13%

# Pattern-specific Variable Values

# No pattern-specific variable values.

# Directories

# . (device 16777231, inode 7138488): 11 files, no impossibilities.
# ./srcs (device 16777231, inode 7140628): 17 files, no impossibilities so far.
# srcs (device 16777231, inode 7140628): 17 files, no impossibilities so far.

# 45 files, no impossibilities in 3 directories.

# Implicit Rules

obj/%.o: ./srcs/%.c
#  commands to execute (from `Makefile', line 34):
	@mkdir -p ${OBJ_PATH}
	gcc ${FLAGS} ${INC} -o $@ -c $<
	

# 1 implicit rules, 0 (0.0%) terminal.

# Files

obj/ft_pos.o: srcs/ft_pos.c
#  Implicit rule search has been done.
#  Implicit/static pattern stem: `ft_pos'
#  File is an intermediate prerequisite.
#  File does not exist.
#  File has not been updated.
# variable set hash-table stats:
# Load=0/32=0%, Rehash=0, Collisions=0/0=0%
#  commands to execute (from `Makefile', line 34):
	@mkdir -p ${OBJ_PATH}
	gcc ${FLAGS} ${INC} -o $@ -c $<
	

# Not a target:
srcs/ft_pos.c:
#  Implicit rule search has been done.
#  Last modified 2022-10-23 18:08:22
#  File has been updated.
#  Successfully updated.
# variable set hash-table stats:
# Load=0/32=0%, Rehash=0, Collisions=0/0=0%

# Not a target:
obj/ft_lst_utils.d:
#  A default, MAKEFILES, or -include/sinclude makefile.
#  Implicit rule search has been done.
#  File does not exist.
#  File has been updated.
#  Failed to be updated.
# variable set hash-table stats:
# Load=0/32=0%, Rehash=0, Collisions=0/0=0%

all: push_swap
#  Phony target (prerequisite of .PHONY).
#  Command-line target.
#  Implicit rule search has not been done.
#  File does not exist.
#  File has been updated.
#  Successfully updated.
# variable set hash-table stats:
# Load=0/32=0%, Rehash=0, Collisions=0/0=0%

obj/ft_cout.o: srcs/ft_cout.c
#  Implicit rule search has been done.
#  Implicit/static pattern stem: `ft_cout'
#  File is an intermediate prerequisite.
#  File does not exist.
#  File has not been updated.
# variable set hash-table stats:
# Load=0/32=0%, Rehash=0, Collisions=0/0=0%
#  commands to execute (from `Makefile', line 34):
	@mkdir -p ${OBJ_PATH}
	gcc ${FLAGS} ${INC} -o $@ -c $<
	

.PHONY: all clean fclean re
#  Implicit rule search has not been done.
#  Modification time never checked.
#  File has not been updated.

# Not a target:
srcs/ft_cout.c:
#  Implicit rule search has been done.
#  Last modified 2022-10-23 18:43:10
#  File has been updated.
#  Successfully updated.
# variable set hash-table stats:
# Load=0/32=0%, Rehash=0, Collisions=0/0=0%

.SECONDARY: obj/ft_little_sort.o obj/ft_split.o obj/ft_lst_utils.o obj/push.o obj/ft_utils.o obj/rotate.o obj/ft_swap_tab.o obj/reverse_rotate.o obj/swap.o obj/ft_big_sort.o obj/ft_cout.o obj/ft_deplacement.o obj/ft_check.o obj/ft_pos.o obj/ft_utils_little_sort.o
#  Implicit rule search has not been done.
#  Modification time never checked.
#  File has not been updated.

# Not a target:
obj/ft_utils_little_sort.d:
#  A default, MAKEFILES, or -include/sinclude makefile.
#  Implicit rule search has been done.
#  File does not exist.
#  File has been updated.
#  Failed to be updated.
# variable set hash-table stats:
# Load=0/32=0%, Rehash=0, Collisions=0/0=0%

# Not a target:
obj/ft_big_sort.d:
#  A default, MAKEFILES, or -include/sinclude makefile.
#  Implicit rule search has been done.
#  File does not exist.
#  File has been updated.
#  Failed to be updated.
# variable set hash-table stats:
# Load=0/32=0%, Rehash=0, Collisions=0/0=0%

# Not a target:
.SUFFIXES:
#  Implicit rule search has not been done.
#  Modification time never checked.
#  File has not been updated.

# Not a target:
obj/ft_split.d:
#  A default, MAKEFILES, or -include/sinclude makefile.
#  Implicit rule search has been done.
#  File does not exist.
#  File has been updated.
#  Failed to be updated.
# variable set hash-table stats:
# Load=0/32=0%, Rehash=0, Collisions=0/0=0%

# Not a target:
Makefile:
#  Implicit rule search has been done.
#  Last modified 2022-10-23 19:03:12
#  File has been updated.
#  Successfully updated.
# variable set hash-table stats:
# Load=0/32=0%, Rehash=0, Collisions=0/0=0%

# Not a target:
obj/ft_check.d:
#  A default, MAKEFILES, or -include/sinclude makefile.
#  Implicit rule search has been done.
#  File does not exist.
#  File has been updated.
#  Failed to be updated.
# variable set hash-table stats:
# Load=0/32=0%, Rehash=0, Collisions=0/0=0%

# Not a target:
obj/ft_swap_tab.d:
#  A default, MAKEFILES, or -include/sinclude makefile.
#  Implicit rule search has been done.
#  File does not exist.
#  File has been updated.
#  Failed to be updated.
# variable set hash-table stats:
# Load=0/32=0%, Rehash=0, Collisions=0/0=0%

# Not a target:
obj/swap.d:
#  A default, MAKEFILES, or -include/sinclude makefile.
#  Implicit rule search has been done.
#  File does not exist.
#  File has been updated.
#  Failed to be updated.
# variable set hash-table stats:
# Load=0/32=0%, Rehash=0, Collisions=0/0=0%

# Not a target:
obj/reverse_rotate.d:
#  A default, MAKEFILES, or -include/sinclude makefile.
#  Implicit rule search has been done.
#  File does not exist.
#  File has been updated.
#  Failed to be updated.
# variable set hash-table stats:
# Load=0/32=0%, Rehash=0, Collisions=0/0=0%

obj/ft_lst_utils.o: srcs/ft_lst_utils.c
#  Implicit rule search has been done.
#  Implicit/static pattern stem: `ft_lst_utils'
#  File is an intermediate prerequisite.
#  File does not exist.
#  File has not been updated.
# variable set hash-table stats:
# Load=0/32=0%, Rehash=0, Collisions=0/0=0%
#  commands to execute (from `Makefile', line 34):
	@mkdir -p ${OBJ_PATH}
	gcc ${FLAGS} ${INC} -o $@ -c $<
	

# Not a target:
srcs/ft_lst_utils.c:
#  Implicit rule search has been done.
#  Last modified 2022-10-23 18:08:22
#  File has been updated.
#  Successfully updated.
# variable set hash-table stats:
# Load=0/32=0%, Rehash=0, Collisions=0/0=0%
 

# Not a target:
srcs/ft_utils.c:
#  Implicit rule search has been done.
#  Last modified 2022-10-23 18:08:22
#  File has been updated.
#  Successfully updated.
# variable set hash-table stats:
# Load=0/32=0%, Rehash=0, Collisions=0/0=0%

# Not a target:
obj/ft_utils.d:
#  A default, MAKEFILES, or -include/sinclude makefile.
#  Implicit rule search has been done.
#  File does not exist.
#  File has been updated.
#  Failed to be updated.
# variable set hash-table stats:
# Load=0/32=0%, Rehash=0, Collisions=0/0=0%

# Not a target:
obj/push.d:
#  A default, MAKEFILES, or -include/sinclude makefile.
#  Implicit rule search has been done.
#  File does not exist.
#  File has been updated.
#  Failed to be updated.
# variable set hash-table stats:
# Load=0/32=0%, Rehash=0, Collisions=0/0=0%

fclean: clean
#  Phony target (prerequisite of .PHONY).
#  Implicit rule search has not been done.
#  File does not exist.
#  File has not been updated.
#  commands to execute (from `Makefile', line 43):
	rm -rf ${NAME}
	

obj/ft_utils_little_sort.o: srcs/ft_utils_little_sort.c
#  Implicit rule search has been done.
#  Implicit/static pattern stem: `ft_utils_little_sort'
#  File is an intermediate prerequisite.
#  File does not exist.
#  File has not been updated.
# variable set hash-table stats:
# Load=0/32=0%, Rehash=0, Collisions=0/0=0%
#  commands to execute (from `Makefile', line 34):
	@mkdir -p ${OBJ_PATH}
	gcc ${FLAGS} ${INC} -o $@ -c $<
	

obj/ft_big_sort.o: srcs/ft_big_sort.c
#  Implicit rule search has been done.
#  Implicit/static pattern stem: `ft_big_sort'
#  File is an intermediate prerequisite.
#  File does not exist.
#  File has not been updated.
# variable set hash-table stats:
# Load=0/32=0%, Rehash=0, Collisions=0/0=0%
#  commands to execute (from `Makefile', line 34):
	@mkdir -p ${OBJ_PATH}
	gcc ${FLAGS} ${INC} -o $@ -c $<
	

# Not a target:
obj/rotate.d:
#  A default, MAKEFILES, or -include/sinclude makefile.
#  Implicit rule search has been done.
#  File does not exist.
#  File has been updated.
#  Failed to be updated.
# variable set hash-table stats:
# Load=0/32=0%, Rehash=0, Collisions=0/0=0%

# Not a target:
srcs/ft_big_sort.c:
#  Implicit rule search has been done.
#  Last modified 2022-10-23 18:08:22
#  File has been updated.
#  Successfully updated.
# variable set hash-table stats:
# Load=0/32=0%, Rehash=0, Collisions=0/0=0%

# Not a target:
obj/ft_little_sort.d:
#  A default, MAKEFILES, or -include/sinclude makefile.
#  Implicit rule search has been done.
#  File does not exist.
#  File has been updated.
#  Failed to be updated.
# variable set hash-table stats:
# Load=0/32=0%, Rehash=0, Collisions=0/0=0%

obj/ft_split.o: srcs/ft_split.c
#  Implicit rule search has been done.
#  Implicit/static pattern stem: `ft_split'
#  File is an intermediate prerequisite.
#  File does not exist.
#  File has not been updated.
# variable set hash-table stats:
# Load=0/32=0%, Rehash=0, Collisions=0/0=0%
#  commands to execute (from `Makefile', line 34):
	@mkdir -p ${OBJ_PATH}
	gcc ${FLAGS} ${INC} -o $@ -c $<
	

# Not a target:
.DEFAULT:
#  Implicit rule search has not been done.
#  Modification time never checked.
#  File has not been updated.

# Not a target:
srcs/ft_split.c:
#  Implicit rule search has been done.
#  Last modified 2022-10-23 18:08:22
#  File has been updated.
#  Successfully updated.
# variable set hash-table stats:
# Load=0/32=0%, Rehash=0, Collisions=0/0=0%

obj/ft_check.o: srcs/ft_check.c
#  Implicit rule search has been done.
#  Implicit/static pattern stem: `ft_check'
#  File is an intermediate prerequisite.
#  File does not exist.
#  File has not been updated.
# variable set hash-table stats:
# Load=0/32=0%, Rehash=0, Collisions=0/0=0%
#  commands to execute (from `Makefile', line 34):
	@mkdir -p ${OBJ_PATH}
	gcc ${FLAGS} ${INC} -o $@ -c $<
	

obj/ft_swap_tab.o: srcs/ft_swap_tab.c
#  Implicit rule search has been done.
#  Implicit/static pattern stem: `ft_swap_tab'
#  File is an intermediate prerequisite.
#  File does not exist.
#  File has not been updated.
# variable set hash-table stats:
# Load=0/32=0%, Rehash=0, Collisions=0/0=0%
#  commands to execute (from `Makefile', line 34):
	@mkdir -p ${OBJ_PATH}
	gcc ${FLAGS} ${INC} -o $@ -c $<
	

obj/swap.o: srcs/swap.c
#  Implicit rule search has been done.
#  Implicit/static pattern stem: `swap'
#  File is an intermediate prerequisite.
#  File does not exist.
#  File has not been updated.
# variable set hash-table stats:
# Load=0/32=0%, Rehash=0, Collisions=0/0=0%
#  commands to execute (from `Makefile', line 34):
	@mkdir -p ${OBJ_PATH}
	gcc ${FLAGS} ${INC} -o $@ -c $<
	

# Not a target:
srcs/ft_check.c:
#  Implicit rule search has been done.
#  Last modified 2022-10-23 18:24:40
#  File has been updated.
#  Successfully updated.
# variable set hash-table stats:
# Load=0/32=0%, Rehash=0, Collisions=0/0=0%

# Not a target:
srcs/ft_swap_tab.c:
#  Implicit rule search has been done.
#  Last modified 2022-10-23 18:08:22
#  File has been updated.
#  Successfully updated.
# variable set hash-table stats:
# Load=0/32=0%, Rehash=0, Collisions=0/0=0%

# Not a target:
srcs/swap.c:
#  Implicit rule search has been done.
#  Last modified 2022-10-23 18:08:22
#  File has been updated.
#  Successfully updated.
# variable set hash-table stats:
# Load=0/32=0%, Rehash=0, Collisions=0/0=0%

obj/reverse_rotate.o: srcs/reverse_rotate.c
#  Implicit rule search has been done.
#  Implicit/static pattern stem: `reverse_rotate'
#  File is an intermediate prerequisite.
#  File does not exist.
#  File has not been updated.
# variable set hash-table stats:
# Load=0/32=0%, Rehash=0, Collisions=0/0=0%
#  commands to execute (from `Makefile', line 34):
	@mkdir -p ${OBJ_PATH}
	gcc ${FLAGS} ${INC} -o $@ -c $<
	

re: fclean all
#  Phony target (prerequisite of .PHONY).
#  Implicit rule search has not been done.
#  File does not exist.
#  File has not been updated.

# Not a target:
srcs/reverse_rotate.c:
#  Implicit rule search has been done.
#  Last modified 2022-10-23 18:08:22
#  File has been updated.
#  Successfully updated.
# variable set hash-table stats:
# Load=0/32=0%, Rehash=0, Collisions=0/0=0%

# Not a target:
obj/ft_deplacement.d:
#  A default, MAKEFILES, or -include/sinclude makefile.
#  Implicit rule search has been done.
#  File does not exist.
#  File has been updated.
#  Failed to be updated.
# variable set hash-table stats:
# Load=0/32=0%, Rehash=0, Collisions=0/0=0%

clean:
#  Phony target (prerequisite of .PHONY).
#  Implicit rule search has not been done.
#  File does not exist.
#  File has not been updated.
#  commands to execute (from `Makefile', line 40):
	rm -rf ${OBJ_PATH}
	

obj/ft_utils.o: srcs/ft_utils.c
#  Implicit rule search has been done.
#  Implicit/static pattern stem: `ft_utils'
#  File is an intermediate prerequisite.
#  File does not exist.
#  File has not been updated.
# variable set hash-table stats:
# Load=0/32=0%, Rehash=0, Collisions=0/0=0%
#  commands to execute (from `Makefile', line 34):
	@mkdir -p ${OBJ_PATH}
	gcc ${FLAGS} ${INC} -o $@ -c $<
	

push_swap: obj/ft_little_sort.o obj/ft_split.o obj/ft_lst_utils.o obj/push.o obj/ft_utils.o obj/rotate.o obj/ft_swap_tab.o obj/reverse_rotate.o obj/swap.o obj/ft_big_sort.o obj/ft_cout.o obj/ft_deplacement.o obj/ft_check.o obj/ft_pos.o obj/ft_utils_little_sort.o
#  Implicit rule search has not been done.
#  Last modified 2022-10-23 19:03:15
#  File has been updated.
#  Successfully updated.
# variable set hash-table stats:
# Load=0/32=0%, Rehash=0, Collisions=0/0=0%
#  commands to execute (from `Makefile', line 31):
	gcc ${FLAGS} $(OBJS) -o ${NAME}
	

# Not a target:
obj/ft_pos.d:
#  A default, MAKEFILES, or -include/sinclude makefile.
#  Implicit rule search has been done.
#  File does not exist.
#  File has been updated.
#  Failed to be updated.
# variable set hash-table stats:
# Load=0/32=0%, Rehash=0, Collisions=0/0=0%

obj/push.o: srcs/push.c
#  Implicit rule search has been done.
#  Implicit/static pattern stem: `push'
#  File is an intermediate prerequisite.
#  File does not exist.
#  File has not been updated.
# variable set hash-table stats:
# Load=0/32=0%, Rehash=0, Collisions=0/0=0%
 
#  commands to execute (from `Makefile', line 34):
	@mkdir -p ${OBJ_PATH}
	gcc ${FLAGS} ${INC} -o $@ -c $<
	

# Not a target:
srcs/push.c:
#  Implicit rule search has been done.
#  Last modified 2022-10-23 18:08:22
#  File has been updated.
#  Successfully updated.
# variable set hash-table stats:
# Load=0/32=0%, Rehash=0, Collisions=0/0=0%

# Not a target:
obj/ft_cout.d:
#  A default, MAKEFILES, or -include/sinclude makefile.
#  Implicit rule search has been done.
#  File does not exist.
#  File has been updated.
#  Failed to be updated.
# variable set hash-table stats:
# Load=0/32=0%, Rehash=0, Collisions=0/0=0%

obj/rotate.o: srcs/rotate.c
#  Implicit rule search has been done.
#  Implicit/static pattern stem: `rotate'
#  File is an intermediate prerequisite.
#  File does not exist.
#  File has not been updated.
# variable set hash-table stats:
# Load=0/32=0%, Rehash=0, Collisions=0/0=0%
#  commands to execute (from `Makefile', line 34):
	@mkdir -p ${OBJ_PATH}
	gcc ${FLAGS} ${INC} -o $@ -c $<
	

# Not a target:
srcs/rotate.c:
#  Implicit rule search has been done.
#  Last modified 2022-10-23 18:08:22
#  File has been updated.
#  Successfully updated.
# variable set hash-table stats:
# Load=0/32=0%, Rehash=0, Collisions=0/0=0%

obj/ft_little_sort.o: srcs/ft_little_sort.c
#  Implicit rule search has been done.
#  Implicit/static pattern stem: `ft_little_sort'
#  File is an intermediate prerequisite.
#  File does not exist.
#  File has not been updated.
# variable set hash-table stats:
# Load=0/32=0%, Rehash=0, Collisions=0/0=0%
#  commands to execute (from `Makefile', line 34):
	@mkdir -p ${OBJ_PATH}
	gcc ${FLAGS} ${INC} -o $@ -c $<
	

# Not a target:
srcs/ft_little_sort.c:
#  Implicit rule search has been done.
#  Last modified 2022-10-23 18:08:22
#  File has been updated.
#  Successfully updated.
# variable set hash-table stats:
# Load=0/32=0%, Rehash=0, Collisions=0/0=0%

# Not a target:
 
srcs/ft_utils_little_sort.c:
#  Implicit rule search has been done.
#  Last modified 2022-10-23 18:08:22
#  File has been updated.
#  Successfully updated.
# variable set hash-table stats:
# Load=0/32=0%, Rehash=0, Collisions=0/0=0%

obj/ft_deplacement.o: srcs/ft_deplacement.c
#  Implicit rule search has been done.
#  Implicit/static pattern stem: `ft_deplacement'
#  File is an intermediate prerequisite.
#  File does not exist.
#  File has not been updated.
# variable set hash-table stats:
# Load=0/32=0%, Rehash=0, Collisions=0/0=0%
#  commands to execute (from `Makefile', line 34):
	@mkdir -p ${OBJ_PATH}
	gcc ${FLAGS} ${INC} -o $@ -c $<
	

# Not a target:
srcs/ft_deplacement.c:
#  Implicit rule search has been done.
 
#  Last modified 2022-10-23 18:08:22
#  File has been updated.
#  Successfully updated.
# variable set hash-table stats:
# Load=0/32=0%, Rehash=0, Collisions=0/0=0%

# files hash-table stats:
# Load=55/1024=5%, Rehash=0, Collisions=7/166=4%
# VPATH Search Paths

# No `vpath' search paths.

# No general (`VPATH' variable) search path.

# # of strings in strcache: 16
# # of strcache buffers: 1
# strcache size: total = 4096 / max = 4096 / min = 4096 / avg = 4096
# strcache free: total = 3835 / max = 3835 / min = 3835 / avg = 3835

# Finished Make data base on Sun Oct 23 19:03:46 2022

 
